<?xml version="1.0" encoding="UTF-8"?>
<testsuite xmlns:xsi="http://www.w3.org/2001/XMLSchema-instance" xsi:noNamespaceSchemaLocation="https://maven.apache.org/surefire/maven-surefire-plugin/xsd/surefire-test-report-3.0.xsd" version="3.0" name="MathUtilTest" time="0.096" tests="6" errors="0" skipped="0" failures="0">
  <properties>
[...]
</properties>
  <testcase name="testFactorialGivenWrongArgumentThrowsException" classname="MathUtilTest" time="0.019"/>
  <testcase name="testFactorialGivenRightArgumentReturnsWell(int, long)[1]" classname="MathUtilTest" time="0.012"/>
  <testcase name="testFactorialGivenRightArgumentReturnsWell(int, long)[2]" classname="MathUtilTest" time="0.002"/>
  <testcase name="testFactorialGivenRightArgumentReturnsWell(int, long)[3]" classname="MathUtilTest" time="0.001"/>
  <testcase name="testFactorialGivenRightArgumentReturnsWell(int, long)[4]" classname="MathUtilTest" time="0.001"/>
  <testcase name="testFactorialGivenRightArgumentReturnsWell(int, long)[5]" classname="MathUtilTest" time="0.0"/>
</testsuite>